Arguments: 
  /usr/local/bin/node /usr/local/Cellar/yarn/1.22.17_2/libexec/bin/yarn.js add mobx mobx-react-lite mobx-state-tree

PATH: 
  /usr/local/bin:/usr/bin:/bin:/usr/sbin:/sbin:/Library/Apple/usr/bin:/Users/mackenziejoyal/Library/Android/sdk/emulator:/Users/mackenziejoyal/Library/Android/sdk/tools:/Users/mackenziejoyal/Library/Android/sdk/tools/bin:/Users/mackenziejoyal/Library/Android/sdk/platform-tools:/Users/mackenziejoyal/Library/Android/sdk/emulator:/Users/mackenziejoyal/Library/Android/sdk/tools:/Users/mackenziejoyal/Library/Android/sdk/tools/bin:/Users/mackenziejoyal/Library/Android/sdk/platform-tools

Yarn version: 
  1.22.17

Node version: 
  16.13.2

Platform: 
  darwin x64

Trace: 
  SyntaxError: /Users/mackenziejoyal/Documents/Code/mst-sandbox/package.json: Unexpected end of JSON input
      at JSON.parse (<anonymous>)
      at /usr/local/Cellar/yarn/1.22.17_2/libexec/lib/cli.js:1625:59
      at Generator.next (<anonymous>)
      at step (/usr/local/Cellar/yarn/1.22.17_2/libexec/lib/cli.js:310:30)
      at /usr/local/Cellar/yarn/1.22.17_2/libexec/lib/cli.js:321:13

npm manifest: 
  

yarn manifest: 
  No manifest

Lockfile: 
  No lockfile
